mode: atomic
github.com/evilmonkeyinc/markdownconverter/slack/slack.go:15.23,17.2 1 10
github.com/evilmonkeyinc/markdownconverter/slack/slack.go:24.45,26.2 1 0
github.com/evilmonkeyinc/markdownconverter/slack/slack.go:29.67,37.2 5 280
github.com/evilmonkeyinc/markdownconverter/slack/slack.go:42.92,44.15 1 4240
github.com/evilmonkeyinc/markdownconverter/slack/slack.go:55.2,55.21 1 2600
github.com/evilmonkeyinc/markdownconverter/slack/slack.go:212.2,212.21 1 0
github.com/evilmonkeyinc/markdownconverter/slack/slack.go:44.15,45.22 1 1640
github.com/evilmonkeyinc/markdownconverter/slack/slack.go:52.3,52.22 1 220
github.com/evilmonkeyinc/markdownconverter/slack/slack.go:46.68,47.9 1 220
github.com/evilmonkeyinc/markdownconverter/slack/slack.go:48.11,50.23 2 1420
github.com/evilmonkeyinc/markdownconverter/slack/slack.go:56.23,58.45 2 20
github.com/evilmonkeyinc/markdownconverter/slack/slack.go:63.3,63.26 1 20
github.com/evilmonkeyinc/markdownconverter/slack/slack.go:64.17,68.22 4 10
github.com/evilmonkeyinc/markdownconverter/slack/slack.go:69.22,73.22 4 20
github.com/evilmonkeyinc/markdownconverter/slack/slack.go:74.16,76.48 2 20
github.com/evilmonkeyinc/markdownconverter/slack/slack.go:81.3,81.26 1 20
github.com/evilmonkeyinc/markdownconverter/slack/slack.go:82.21,83.22 1 280
github.com/evilmonkeyinc/markdownconverter/slack/slack.go:84.17,86.43 2 40
github.com/evilmonkeyinc/markdownconverter/slack/slack.go:91.3,91.26 1 40
github.com/evilmonkeyinc/markdownconverter/slack/slack.go:92.20,94.42 2 120
github.com/evilmonkeyinc/markdownconverter/slack/slack.go:98.3,98.26 1 120
github.com/evilmonkeyinc/markdownconverter/slack/slack.go:99.27,101.22 2 30
github.com/evilmonkeyinc/markdownconverter/slack/slack.go:102.17,106.39 4 20
github.com/evilmonkeyinc/markdownconverter/slack/slack.go:113.3,114.26 2 20
github.com/evilmonkeyinc/markdownconverter/slack/slack.go:115.17,118.17 3 90
github.com/evilmonkeyinc/markdownconverter/slack/slack.go:122.3,122.41 1 90
github.com/evilmonkeyinc/markdownconverter/slack/slack.go:131.3,131.26 1 90
github.com/evilmonkeyinc/markdownconverter/slack/slack.go:132.21,134.39 2 270
github.com/evilmonkeyinc/markdownconverter/slack/slack.go:139.3,139.26 1 270
github.com/evilmonkeyinc/markdownconverter/slack/slack.go:140.22,142.22 2 480
github.com/evilmonkeyinc/markdownconverter/slack/slack.go:143.19,145.41 2 40
github.com/evilmonkeyinc/markdownconverter/slack/slack.go:150.3,150.26 1 40
github.com/evilmonkeyinc/markdownconverter/slack/slack.go:151.18,157.30 5 20
github.com/evilmonkeyinc/markdownconverter/slack/slack.go:161.3,161.30 1 20
github.com/evilmonkeyinc/markdownconverter/slack/slack.go:168.3,169.26 2 20
github.com/evilmonkeyinc/markdownconverter/slack/slack.go:170.24,174.36 3 20
github.com/evilmonkeyinc/markdownconverter/slack/slack.go:181.3,181.26 1 20
github.com/evilmonkeyinc/markdownconverter/slack/slack.go:182.21,184.40 2 40
github.com/evilmonkeyinc/markdownconverter/slack/slack.go:191.3,191.26 1 40
github.com/evilmonkeyinc/markdownconverter/slack/slack.go:192.38,193.22 1 180
github.com/evilmonkeyinc/markdownconverter/slack/slack.go:194.17,197.22 3 900
github.com/evilmonkeyinc/markdownconverter/slack/slack.go:198.10,199.41 1 0
github.com/evilmonkeyinc/markdownconverter/slack/slack.go:203.3,203.56 1 0
github.com/evilmonkeyinc/markdownconverter/slack/slack.go:58.45,62.4 3 20
github.com/evilmonkeyinc/markdownconverter/slack/slack.go:76.48,80.4 3 20
github.com/evilmonkeyinc/markdownconverter/slack/slack.go:86.43,90.4 3 40
github.com/evilmonkeyinc/markdownconverter/slack/slack.go:94.42,97.4 2 120
github.com/evilmonkeyinc/markdownconverter/slack/slack.go:106.39,109.4 2 20
github.com/evilmonkeyinc/markdownconverter/slack/slack.go:118.17,120.4 1 90
github.com/evilmonkeyinc/markdownconverter/slack/slack.go:122.41,126.47 4 270
github.com/evilmonkeyinc/markdownconverter/slack/slack.go:129.4,129.44 1 270
github.com/evilmonkeyinc/markdownconverter/slack/slack.go:126.47,128.5 1 150
github.com/evilmonkeyinc/markdownconverter/slack/slack.go:134.39,138.4 3 270
github.com/evilmonkeyinc/markdownconverter/slack/slack.go:145.41,149.4 3 40
github.com/evilmonkeyinc/markdownconverter/slack/slack.go:157.30,160.4 2 20
github.com/evilmonkeyinc/markdownconverter/slack/slack.go:161.30,163.44 2 20
github.com/evilmonkeyinc/markdownconverter/slack/slack.go:163.44,166.5 1 40
github.com/evilmonkeyinc/markdownconverter/slack/slack.go:174.36,175.16 1 60
github.com/evilmonkeyinc/markdownconverter/slack/slack.go:178.4,179.45 2 60
github.com/evilmonkeyinc/markdownconverter/slack/slack.go:175.16,177.5 1 40
github.com/evilmonkeyinc/markdownconverter/slack/slack.go:184.40,185.16 1 120
github.com/evilmonkeyinc/markdownconverter/slack/slack.go:188.4,189.43 2 120
github.com/evilmonkeyinc/markdownconverter/slack/slack.go:185.16,187.5 1 80
github.com/evilmonkeyinc/markdownconverter/slack/slack.go:199.41,201.4 1 0
github.com/evilmonkeyinc/markdownconverter/slack/slack.go:203.56,204.45 1 0
github.com/evilmonkeyinc/markdownconverter/slack/slack.go:208.4,208.27 1 0
github.com/evilmonkeyinc/markdownconverter/slack/slack.go:204.45,207.5 2 0
github.com/evilmonkeyinc/markdownconverter/slack/slack.go:215.64,215.65 0 1320
github.com/evilmonkeyinc/markdownconverter/slack/slack.go:217.64,217.65 0 1320
